<?xml version="1.0" encoding="UTF-8"?>
<!-- Generated by org.testng.reporters.JUnitReportReporter -->
<testsuite hostname="DESKTOP-M12GQPD" failures="0" tests="2" name="com.madhu.AppTest" time="0.049" errors="0" timestamp="2025-07-17T11:30:53 SAST" skipped="0">
  <testcase classname="com.madhu.AppTest" name="testlogin1" time="0.045"/>
  <testcase classname="com.madhu.AppTest" name="testlogin2" time="0.004"/>
</testsuite> <!-- com.madhu.AppTest -->
